<?xml version="1.0" encoding="UTF-8"?>
<testng-results ignored="0" total="4" passed="4" failed="0" skipped="0">
  <reporter-output>
  </reporter-output>
  <suite started-at="2019-11-08T09:17:43Z" name="Suite" finished-at="2019-11-08T09:17:43Z" duration-ms="0">
    <groups>
    </groups>
  </suite> <!-- Suite -->
  <suite started-at="2019-11-08T09:16:56Z" name="Suite (0)" finished-at="2019-11-08T09:17:43Z" duration-ms="46979">
    <groups>
    </groups>
    <test started-at="2019-11-08T09:16:56Z" name="Test" finished-at="2019-11-08T09:17:43Z" duration-ms="46979">
      <class name="com.tutorialsninja.TutorialsninjaAutomation.testscripts.TutorialsNinjaFunctionalityValidation">
        <test-method is-config="true" signature="intitailizeBrowser()[pri:0, instance:com.tutorialsninja.TutorialsninjaAutomation.testscripts.TutorialsNinjaFunctionalityValidation@1d76aeea]" started-at="2019-11-08T09:16:56Z" name="intitailizeBrowser" finished-at="2019-11-08T09:17:11Z" duration-ms="15314" status="PASS">
          <reporter-output>
          </reporter-output>
        </test-method> <!-- intitailizeBrowser -->
        <test-method is-config="true" signature="invokeBrowser()[pri:0, instance:com.tutorialsninja.TutorialsninjaAutomation.testscripts.TutorialsNinjaFunctionalityValidation@1d76aeea]" started-at="2019-11-08T09:17:11Z" name="invokeBrowser" finished-at="2019-11-08T09:17:21Z" duration-ms="9599" status="PASS">
          <reporter-output>
          </reporter-output>
        </test-method> <!-- invokeBrowser -->
        <test-method signature="tutorialsNinjaHomePageValidation()[pri:1, instance:com.tutorialsninja.TutorialsninjaAutomation.testscripts.TutorialsNinjaFunctionalityValidation@1d76aeea]" started-at="2019-11-08T09:17:21Z" name="tutorialsNinjaHomePageValidation" finished-at="2019-11-08T09:17:21Z" duration-ms="208" status="PASS">
          <reporter-output>
          </reporter-output>
        </test-method> <!-- tutorialsNinjaHomePageValidation -->
        <test-method signature="tutorialsNinjaProductValidation([Ljava.lang.String;)[pri:2, instance:com.tutorialsninja.TutorialsninjaAutomation.testscripts.TutorialsNinjaFunctionalityValidation@1d76aeea]" started-at="2019-11-08T09:17:23Z" name="tutorialsNinjaProductValidation" data-provider="productData" finished-at="2019-11-08T09:17:32Z" duration-ms="8955" status="PASS">
          <params>
            <param index="0">
              <value>
                <![CDATA[[Ljava.lang.String;@308d4981]]>
              </value>
            </param>
          </params>
          <reporter-output>
          </reporter-output>
        </test-method> <!-- tutorialsNinjaProductValidation -->
        <test-method signature="tutorialsNinjaProductValidation([Ljava.lang.String;)[pri:2, instance:com.tutorialsninja.TutorialsninjaAutomation.testscripts.TutorialsNinjaFunctionalityValidation@1d76aeea]" started-at="2019-11-08T09:17:32Z" name="tutorialsNinjaProductValidation" data-provider="productData" finished-at="2019-11-08T09:17:40Z" duration-ms="8493" status="PASS">
          <params>
            <param index="0">
              <value>
                <![CDATA[[Ljava.lang.String;@55731ccd]]>
              </value>
            </param>
          </params>
          <reporter-output>
          </reporter-output>
        </test-method> <!-- tutorialsNinjaProductValidation -->
        <test-method signature="cartValidation()[pri:3, instance:com.tutorialsninja.TutorialsninjaAutomation.testscripts.TutorialsNinjaFunctionalityValidation@1d76aeea]" started-at="2019-11-08T09:17:40Z" name="cartValidation" finished-at="2019-11-08T09:17:43Z" duration-ms="2934" status="PASS">
          <reporter-output>
          </reporter-output>
        </test-method> <!-- cartValidation -->
        <test-method is-config="true" signature="endTest()[pri:0, instance:com.tutorialsninja.TutorialsninjaAutomation.testscripts.TutorialsNinjaFunctionalityValidation@1d76aeea]" started-at="2019-11-08T09:17:43Z" name="endTest" finished-at="2019-11-08T09:17:43Z" duration-ms="1" status="PASS">
          <reporter-output>
          </reporter-output>
        </test-method> <!-- endTest -->
      </class> <!-- com.tutorialsninja.TutorialsninjaAutomation.testscripts.TutorialsNinjaFunctionalityValidation -->
    </test> <!-- Test -->
  </suite> <!-- Suite (0) -->
</testng-results>
